-------------------------------------------------------------------------------
Test set: com.usa.demo.CafeteriaApplicationTests
-------------------------------------------------------------------------------
Tests run: 1, Failures: 0, Errors: 1, Skipped: 0, Time elapsed: 0.377 s <<< FAILURE! - in com.usa.demo.CafeteriaApplicationTests
com.usa.demo.CafeteriaApplicationTests  Time elapsed: 0.375 s  <<< ERROR!
java.lang.IllegalStateException: Unable to find a @SpringBootConfiguration, you need to use @ContextConfiguration or @SpringBootTest(classes=...) with your test

